<?xml version="1.0" encoding="UTF-8"?>
<testsuite xmlns:xsi="http://www.w3.org/2001/XMLSchema-instance" xsi:noNamespaceSchemaLocation="https://maven.apache.org/surefire/maven-surefire-plugin/xsd/surefire-test-report-3.0.xsd" version="3.0" name="ca.sheridancollege.dalmiac.A2ChiragDalmiaApplicationTests" time="4.804" tests="1" errors="0" skipped="0" failures="0">
  <properties>
[...]
</properties>
  <testcase name="contextLoads" classname="ca.sheridancollege.dalmiac.A2ChiragDalmiaApplicationTests" time="1.16">
    <system-out><![CDATA[11:33:46.515 [main] INFO org.springframework.test.context.support.AnnotationConfigContextLoaderUtils -- Could not detect default configuration classes for test class [ca.sheridancollege.dalmiac.A2ChiragDalmiaApplicationTests]: A2ChiragDalmiaApplicationTests does not declare any static, non-private, non-final, nested classes annotated with @Configuration.
11:33:46.654 [main] INFO org.springframework.boot.test.context.SpringBootTestContextBootstrapper -- Found @SpringBootConfiguration ca.sheridancollege.dalmiac.A2ChiragDalmiaApplication for test class ca.sheridancollege.dalmiac.A2ChiragDalmiaApplicationTests

  .   ____          _            __ _ _
 /\\ / ___'_ __ _ _(_)_ __  __ _ \ \ \ \
( ( )\___ | '_ | '_| | '_ \/ _` | \ \ \ \
 \\/  ___)| |_)| | | | | || (_| |  ) ) ) )
  '  |____| .__|_| |_|_| |_\__, | / / / /
 =========|_|==============|___/=/_/_/_/
 :: Spring Boot ::                (v3.1.5)

2023-10-26T11:33:47.216-04:00  INFO 15096 --- [           main] c.s.d.A2ChiragDalmiaApplicationTests     : Starting A2ChiragDalmiaApplicationTests using Java 17.0.7 with PID 15096 (started by chira in C:\Users\chira\Desktop\java3\A2ChiragDalmia\A2ChiragDalmia)
2023-10-26T11:33:47.216-04:00  INFO 15096 --- [           main] c.s.d.A2ChiragDalmiaApplicationTests     : No active profile set, falling back to 1 default profile: "default"
2023-10-26T11:33:47.976-04:00  INFO 15096 --- [           main] .s.d.r.c.RepositoryConfigurationDelegate : Bootstrapping Spring Data JDBC repositories in DEFAULT mode.
2023-10-26T11:33:48.015-04:00  INFO 15096 --- [           main] .s.d.r.c.RepositoryConfigurationDelegate : Finished Spring Data repository scanning in 28 ms. Found 0 JDBC repository interfaces.
2023-10-26T11:33:48.511-04:00  INFO 15096 --- [           main] com.zaxxer.hikari.HikariDataSource       : HikariPool-1 - Starting...
2023-10-26T11:33:48.832-04:00  INFO 15096 --- [           main] com.zaxxer.hikari.pool.HikariPool        : HikariPool-1 - Added connection conn0: url=jdbc:h2:mem:bookdb user=DALMIAC
2023-10-26T11:33:48.848-04:00  INFO 15096 --- [           main] com.zaxxer.hikari.HikariDataSource       : HikariPool-1 - Start completed.
2023-10-26T11:33:49.413-04:00  INFO 15096 --- [           main] o.s.b.a.w.s.WelcomePageHandlerMapping    : Adding welcome page template: index
2023-10-26T11:33:49.790-04:00  INFO 15096 --- [           main] o.s.b.a.h2.H2ConsoleAutoConfiguration    : H2 console available at '/h2-console'. Database available at 'jdbc:h2:mem:bookdb'
2023-10-26T11:33:49.845-04:00  INFO 15096 --- [           main] c.s.d.A2ChiragDalmiaApplicationTests     : Started A2ChiragDalmiaApplicationTests in 2.916 seconds (process running for 4.282)
]]></system-out>
  </testcase>
</testsuite>